Base path: C:/Program Files/NiklasTempUnity/Editor/Data
Pipe name: \\.\pipe\UnityShaderCompiler-64bit-1-9240
Cmd: getPlatforms
Cmd: preprocess
  insize=996 outsize=1279 ok=1
Cmd: preprocess
  insize=998 outsize=1281 ok=1
Cmd: preprocess
  insize=417 outsize=164 ok=1
Cmd: compileSnippet
  api=1 type=0 insize=550 outsize=100 kw= ok=1
Cmd: compileSnippet
  api=1 type=1 insize=550 outsize=42 kw= ok=1
Cmd: preprocess
  insize=432 outsize=163 ok=1
Cmd: compileSnippet
  error: 2 plat 1 at (14): undeclared identifier 'sp'\nCompiling Vertex program
  api=1 type=0 insize=565 outsize=0 kw= ok=0
Cmd: preprocess
  insize=516 outsize=164 ok=1
Cmd: compileSnippet
  api=1 type=0 insize=649 outsize=108 kw= ok=1
Cmd: compileSnippet
  error: 2 plat 1 at (16): invalid ps_3_0 input semantic 'WPOS'\nCompiling Fragment program
  api=1 type=1 insize=649 outsize=0 kw= ok=0
Cmd: compileSnippet
  api=0 type=1 insize=649 outsize=6 kw= ok=1
Cmd: preprocess
  insize=520 outsize=164 ok=1
Cmd: compileSnippet
  api=1 type=0 insize=653 outsize=108 kw= ok=1
Cmd: compileSnippet
  error: 2 plat 1 at (16): invalid input semantic 'POSITION': Legal indices are in [1,15] invalid ps_3_0 input semantic 'POSITION'\nCompiling Fragment program
  api=1 type=1 insize=653 outsize=0 kw= ok=0
Cmd: preprocess
  insize=516 outsize=164 ok=1
Cmd: compileSnippet
  error: 2 plat 1 at (16): invalid ps_3_0 input semantic 'WPOS'\nCompiling Fragment program
  api=1 type=1 insize=649 outsize=0 kw= ok=0
